\BOOKMARK [1][-]{section.1}{\376\377\000I\000n\000t\000r\000o\000d\000u\000c\000t\000i\000o\000n}{}% 1
\BOOKMARK [2][-]{subsection.1.1}{\376\377\000P\000u\000r\000p\000o\000s\000e}{section.1}% 2
\BOOKMARK [2][-]{subsection.1.2}{\376\377\000R\000e\000a\000d\000e\000r\000s\000h\000i\000p}{section.1}% 3
\BOOKMARK [2][-]{subsection.1.3}{\376\377\000D\000o\000c\000\040\000S\000t\000r\000u\000c\000t\000u\000r\000e}{section.1}% 4
\BOOKMARK [1][-]{section.2}{\376\377\000P\000r\000o\000b\000l\000e\000m\000\040\000S\000t\000a\000t\000e\000m\000e\000n\000t}{}% 5
\BOOKMARK [2][-]{subsection.2.1}{\376\377\000A\000l\000u\000m\000n\000i\000\040\000F\000e\000e\000d\000b\000a\000c\000k}{section.2}% 6
\BOOKMARK [2][-]{subsection.2.2}{\376\377\000F\000o\000c\000u\000s}{section.2}% 7
\BOOKMARK [2][-]{subsection.2.3}{\376\377\000P\000r\000o\000b\000l\000e\000m}{section.2}% 8
\BOOKMARK [1][-]{section.3}{\376\377\000D\000a\000t\000a}{}% 9
\BOOKMARK [2][-]{subsection.3.1}{\376\377\000C\000o\000l\000l\000e\000c\000t\000i\000o\000n\000\040\000P\000r\000o\000c\000e\000s\000s}{section.3}% 10
\BOOKMARK [2][-]{subsection.3.2}{\376\377\000Q\000u\000e\000s\000t\000i\000o\000n\000s}{section.3}% 11
\BOOKMARK [2][-]{subsection.3.3}{\376\377\000D\000a\000t\000a\000\040\000P\000r\000o\000c\000e\000s\000s}{section.3}% 12
\BOOKMARK [2][-]{subsection.3.4}{\376\377\000D\000a\000t\000a\000\040\000Q\000u\000a\000l\000i\000t\000y}{section.3}% 13
\BOOKMARK [1][-]{section.4}{\376\377\000A\000n\000a\000l\000y\000s\000i\000s}{}% 14
\BOOKMARK [1][-]{section.5}{\376\377\000V\000i\000s\000u\000a\000l\000i\000z\000a\000t\000i\000o\000n}{}% 15
\BOOKMARK [1][-]{section.6}{\376\377\000F\000i\000n\000d\000i\000n\000g\000s}{}% 16
\BOOKMARK [1][-]{section.7}{\376\377\000N\000e\000x\000t\000\040\000S\000t\000e\000p\000s\000\040\000a\000n\000d\000\040\000L\000e\000s\000s\000o\000n\000s\000\040\000L\000e\000a\000r\000n\000e\000d}{}% 17
\BOOKMARK [2][-]{subsection.7.1}{\376\377\000N\000e\000x\000t\000\040\000S\000t\000e\000p\000s}{section.7}% 18
\BOOKMARK [2][-]{subsection.7.2}{\376\377\000L\000e\000s\000s\000o\000n\000s\000\040\000L\000e\000a\000r\000n\000e\000d}{section.7}% 19
\BOOKMARK [1][-]{appendix.1.A}{\376\377\000B\000a\000c\000k\000g\000r\000o\000u\000n\000d}{}% 20
\BOOKMARK [1][-]{appendix.1.B}{\376\377\000R\000e\000f\000e\000r\000e\000n\000c\000e\000s}{}% 21
